<?xml version="1.0" encoding="UTF-8"?>
<!-- Generated by org.testng.reporters.JUnitXMLReporter -->
<testsuite ignored="0" hostname="WSAMZN-AO2UGDUI" failures="1" tests="6" name="Test" time="94.461" errors="0" timestamp="2023-05-08T12:23:59 UTC">
  <testcase classname="TestClasses.LevelControlFunctionality" name="verifyAddLevelFunctionality" time="15.508">
    <failure type="java.lang.AssertionError" message="The following asserts failed:
	Add Level Funtionality Fails expected [NEEEE] but found [sagar]">
      <![CDATA[java.lang.AssertionError: The following asserts failed:
Add Level Funtionality Fails expected [NEEEE] but found [sagar]
at TestClasses.LevelControlFunctionality.verifyAddLevelFunctionality(LevelControlFunctionality.java:47)
at java.base/java.util.ArrayList.forEach(ArrayList.java:1511)
... Removed 29 stack frames]]>
    </failure>
  </testcase> <!-- verifyAddLevelFunctionality -->
  <testcase classname="TestClasses.LevelControlFunctionality" name="verifyAddSameLevelNameFunctionality" time="18.08"/>
  <testcase classname="TestClasses.LevelControlFunctionality" name="verifyNoLevelNameFunctionality" time="16.519"/>
  <testcase classname="TestClasses.LevelControlFunctionality" name="verifyEditLevelFunctionality" time="12.699"/>
  <testcase classname="TestClasses.LevelControlFunctionality" name="verifycloseFunctionality" time="6.654"/>
  <testcase classname="TestClasses.LevelControlFunctionality" name="verifyLevelDeleteFunctionality" time="8.88"/>
</testsuite> <!-- Test -->
