<?xml version="1.0" encoding="UTF-8"?>
<!-- Generated by org.testng.reporters.JUnitReportReporter -->
<testsuite hostname="WSAMZN-AO2UGDUI" failures="1" tests="8" name="TestClasses.HomePageFunctionality" time="23.984" errors="0" timestamp="2023-03-13T17:44:45 IST" skipped="0">
  <testcase classname="TestClasses.HomePageFunctionality" name="verifyHeaderFunctionality" time="2.127"/>
  <system-out/>
  <testcase classname="TestClasses.HomePageFunctionality" name="verifyDateTimeFunctionality" time="0.431"/>
  <system-out/>
  <testcase classname="TestClasses.HomePageFunctionality" name="verifyMultilingualLogoFunctionality" time="1.037"/>
  <system-out/>
  <testcase classname="TestClasses.HomePageFunctionality" name="verifyProfileFunctionality" time="1.869"/>
  <system-out/>
  <testcase classname="TestClasses.HomePageFunctionality" name="verifyNOChangePasswordFunctionality" time="3.595"/>
  <system-out/>
  <testcase classname="TestClasses.HomePageFunctionality" name="verifyWrongPasswordFunctionality" time="4.954"/>
  <system-out/>
  <testcase classname="TestClasses.HomePageFunctionality" name="verifyChangePasswordFunctionality" time="4.478"/>
  <system-out/>
  <testcase classname="TestClasses.HomePageFunctionality" name="verifyLogoutFunctionality" time="5.493">
    <failure message="Logout Fnctionality Fails expected [http://reevo-dev.api-hkbgaming88.com/login] but found [http://master.test.api-hkbgaming88.com/login]" type="java.lang.AssertionError">
      <![CDATA[java.lang.AssertionError: Logout Fnctionality Fails expected [http://reevo-dev.api-hkbgaming88.com/login] but found [http://master.test.api-hkbgaming88.com/login]
at org.testng.Assert.fail(Assert.java:99)
at org.testng.Assert.failNotEquals(Assert.java:1037)
at org.testng.Assert.assertEqualsImpl(Assert.java:140)
at org.testng.Assert.assertEquals(Assert.java:122)
at org.testng.Assert.assertEquals(Assert.java:629)
at TestClasses.HomePageFunctionality.verifyLogoutFunctionality(HomePageFunctionality.java:110)
at java.base/jdk.internal.reflect.NativeMethodAccessorImpl.invoke0(Native Method)
at java.base/jdk.internal.reflect.NativeMethodAccessorImpl.invoke(NativeMethodAccessorImpl.java:77)
at java.base/jdk.internal.reflect.DelegatingMethodAccessorImpl.invoke(DelegatingMethodAccessorImpl.java:43)
at java.base/java.lang.reflect.Method.invoke(Method.java:568)
at org.testng.internal.MethodInvocationHelper.invokeMethod(MethodInvocationHelper.java:133)
at org.testng.internal.TestInvoker.invokeMethod(TestInvoker.java:598)
at org.testng.internal.TestInvoker.invokeTestMethod(TestInvoker.java:173)
at org.testng.internal.MethodRunner.runInSequence(MethodRunner.java:46)
at org.testng.internal.TestInvoker$MethodInvocationAgent.invoke(TestInvoker.java:824)
at org.testng.internal.TestInvoker.invokeTestMethods(TestInvoker.java:146)
at org.testng.internal.TestMethodWorker.invokeTestMethods(TestMethodWorker.java:146)
at org.testng.internal.TestMethodWorker.run(TestMethodWorker.java:128)
at java.base/java.util.ArrayList.forEach(ArrayList.java:1511)
at org.testng.TestRunner.privateRun(TestRunner.java:794)
at org.testng.TestRunner.run(TestRunner.java:596)
at org.testng.SuiteRunner.runTest(SuiteRunner.java:377)
at org.testng.SuiteRunner.runSequentially(SuiteRunner.java:371)
at org.testng.SuiteRunner.privateRun(SuiteRunner.java:332)
at org.testng.SuiteRunner.run(SuiteRunner.java:276)
at org.testng.SuiteRunnerWorker.runSuite(SuiteRunnerWorker.java:53)
at org.testng.SuiteRunnerWorker.run(SuiteRunnerWorker.java:96)
at org.testng.TestNG.runSuitesSequentially(TestNG.java:1212)
at org.testng.TestNG.runSuitesLocally(TestNG.java:1134)
at org.testng.TestNG.runSuites(TestNG.java:1063)
at org.testng.TestNG.run(TestNG.java:1031)
at org.testng.remote.AbstractRemoteTestNG.run(AbstractRemoteTestNG.java:115)
at org.testng.remote.RemoteTestNG.initAndRun(RemoteTestNG.java:251)
at org.testng.remote.RemoteTestNG.main(RemoteTestNG.java:77)
]]>
    </failure>
  </testcase> <!-- verifyLogoutFunctionality -->
  <system-out/>
</testsuite> <!-- TestClasses.HomePageFunctionality -->
