<?xml version="1.0" encoding="UTF-8"?>
<!-- Generated by org.testng.reporters.JUnitReportReporter -->
<testsuite hostname="WSAMZN-AO2UGDUI" failures="0" tests="11" name="TestClasses.ReservedKeywordFunctionality" time="8.706" errors="1" timestamp="2023-05-05T06:17:27 UTC" skipped="10">
  <testcase classname="TestClasses.ReservedKeywordFunctionality" name="verifyAddKeywordFunctionality" time="0.000">
    <skipped/>
  </testcase> <!-- verifyAddKeywordFunctionality -->
  <system-out/>
  <testcase classname="TestClasses.ReservedKeywordFunctionality" name="setup" time="8.706">
    <error message="no such window: target window already closed
from unknown error: web view not found
  (Session info: chrome=112.0.5615.138)
Build info: version: &#039;3.141.59&#039;, revision: &#039;e82be7d358&#039;, time: &#039;2018-11-14T08:17:03&#039;
System info: host: &#039;WSAMZN-AO2UGDUI&#039;, ip: &#039;172.31.34.3&#039;, os.name: &#039;Windows Server 2019&#039;, os.arch: &#039;amd64&#039;, os.version: &#039;10.0&#039;, java.version: &#039;17.0.5&#039;
Driver info: org.openqa.selenium.chrome.ChromeDriver
Capabilities {acceptInsecureCerts: false, browserName: chrome, browserVersion: 112.0.5615.138, chrome: {chromedriverVersion: 112.0.5615.49 (bd2a7bcb881c..., userDataDir: D:\Users\trushantmahatkar\A...}, goog:chromeOptions: {debuggerAddress: localhost:55866}, javascriptEnabled: true, networkConnectionEnabled: false, pageLoadStrategy: normal, platform: WINDOWS, platformName: WINDOWS, proxy: Proxy(), setWindowRect: true, strictFileInteractability: false, timeouts: {implicit: 0, pageLoad: 300000, script: 30000}, unhandledPromptBehavior: dismiss and notify, webauthn:extension:credBlob: true, webauthn:extension:largeBlob: true, webauthn:extension:minPinLength: true, webauthn:extension:prf: true, webauthn:virtualAuthenticators: true}
Session ID: 6a574948985438d80c820fc1aff317b9" type="org.openqa.selenium.NoSuchWindowException">
      <![CDATA[org.openqa.selenium.NoSuchWindowException: no such window: target window already closed
from unknown error: web view not found
  (Session info: chrome=112.0.5615.138)
Build info: version: '3.141.59', revision: 'e82be7d358', time: '2018-11-14T08:17:03'
System info: host: 'WSAMZN-AO2UGDUI', ip: '172.31.34.3', os.name: 'Windows Server 2019', os.arch: 'amd64', os.version: '10.0', java.version: '17.0.5'
Driver info: org.openqa.selenium.chrome.ChromeDriver
Capabilities {acceptInsecureCerts: false, browserName: chrome, browserVersion: 112.0.5615.138, chrome: {chromedriverVersion: 112.0.5615.49 (bd2a7bcb881c..., userDataDir: D:\Users\trushantmahatkar\A...}, goog:chromeOptions: {debuggerAddress: localhost:55866}, javascriptEnabled: true, networkConnectionEnabled: false, pageLoadStrategy: normal, platform: WINDOWS, platformName: WINDOWS, proxy: Proxy(), setWindowRect: true, strictFileInteractability: false, timeouts: {implicit: 0, pageLoad: 300000, script: 30000}, unhandledPromptBehavior: dismiss and notify, webauthn:extension:credBlob: true, webauthn:extension:largeBlob: true, webauthn:extension:minPinLength: true, webauthn:extension:prf: true, webauthn:virtualAuthenticators: true}
Session ID: 6a574948985438d80c820fc1aff317b9
at java.base/jdk.internal.reflect.NativeConstructorAccessorImpl.newInstance0(Native Method)
at java.base/jdk.internal.reflect.NativeConstructorAccessorImpl.newInstance(NativeConstructorAccessorImpl.java:77)
at java.base/jdk.internal.reflect.DelegatingConstructorAccessorImpl.newInstance(DelegatingConstructorAccessorImpl.java:45)
at java.base/java.lang.reflect.Constructor.newInstanceWithCaller(Constructor.java:499)
at java.base/java.lang.reflect.Constructor.newInstance(Constructor.java:480)
at org.openqa.selenium.remote.http.W3CHttpResponseCodec.createException(W3CHttpResponseCodec.java:187)
at org.openqa.selenium.remote.http.W3CHttpResponseCodec.decode(W3CHttpResponseCodec.java:122)
at org.openqa.selenium.remote.http.W3CHttpResponseCodec.decode(W3CHttpResponseCodec.java:49)
at org.openqa.selenium.remote.HttpCommandExecutor.execute(HttpCommandExecutor.java:158)
at org.openqa.selenium.remote.service.DriverCommandExecutor.execute(DriverCommandExecutor.java:83)
at org.openqa.selenium.remote.RemoteWebDriver.execute(RemoteWebDriver.java:552)
at org.openqa.selenium.remote.RemoteWebDriver.execute(RemoteWebDriver.java:609)
at org.openqa.selenium.remote.RemoteWebDriver.getScreenshotAs(RemoteWebDriver.java:295)
at UtilityClass.screenshot.ScreenShot(screenshot.java:24)
at POMClasses.TestBaseClass.setup(TestBaseClass.java:39)
at java.base/jdk.internal.reflect.NativeMethodAccessorImpl.invoke0(Native Method)
at java.base/jdk.internal.reflect.NativeMethodAccessorImpl.invoke(NativeMethodAccessorImpl.java:77)
at java.base/jdk.internal.reflect.DelegatingMethodAccessorImpl.invoke(DelegatingMethodAccessorImpl.java:43)
at java.base/java.lang.reflect.Method.invoke(Method.java:568)
at org.testng.internal.MethodInvocationHelper.invokeMethod(MethodInvocationHelper.java:133)
at org.testng.internal.MethodInvocationHelper.invokeMethodConsideringTimeout(MethodInvocationHelper.java:62)
at org.testng.internal.ConfigInvoker.invokeConfigurationMethod(ConfigInvoker.java:385)
at org.testng.internal.ConfigInvoker.invokeConfigurations(ConfigInvoker.java:321)
at org.testng.TestRunner.invokeTestConfigurations(TestRunner.java:637)
at org.testng.TestRunner.beforeRun(TestRunner.java:627)
at org.testng.TestRunner.run(TestRunner.java:589)
at org.testng.SuiteRunner.runTest(SuiteRunner.java:377)
at org.testng.SuiteRunner.runSequentially(SuiteRunner.java:371)
at org.testng.SuiteRunner.privateRun(SuiteRunner.java:332)
at org.testng.SuiteRunner.run(SuiteRunner.java:276)
at org.testng.SuiteRunnerWorker.runSuite(SuiteRunnerWorker.java:53)
at org.testng.SuiteRunnerWorker.run(SuiteRunnerWorker.java:96)
at org.testng.TestNG.runSuitesSequentially(TestNG.java:1212)
at org.testng.TestNG.runSuitesLocally(TestNG.java:1134)
at org.testng.TestNG.runSuites(TestNG.java:1063)
at org.testng.TestNG.run(TestNG.java:1031)
at org.testng.remote.AbstractRemoteTestNG.run(AbstractRemoteTestNG.java:115)
at org.testng.remote.RemoteTestNG.initAndRun(RemoteTestNG.java:251)
at org.testng.remote.RemoteTestNG.main(RemoteTestNG.java:77)
]]>
    </error>
  </testcase> <!-- setup -->
  <system-out/>
  <testcase classname="TestClasses.ReservedKeywordFunctionality" name="verifyAddNoKeywordFunctionality" time="0.000">
    <skipped/>
  </testcase> <!-- verifyAddNoKeywordFunctionality -->
  <system-out/>
  <testcase classname="TestClasses.ReservedKeywordFunctionality" name="verifyExistingKeywordFunctionality" time="0.000">
    <skipped/>
  </testcase> <!-- verifyExistingKeywordFunctionality -->
  <system-out/>
  <testcase classname="TestClasses.ReservedKeywordFunctionality" name="verifySearchKeywordFunctionality" time="0.000">
    <skipped/>
  </testcase> <!-- verifySearchKeywordFunctionality -->
  <system-out/>
  <testcase classname="TestClasses.ReservedKeywordFunctionality" name="verifyDeleteKeywordFunctionality" time="0.000">
    <skipped/>
  </testcase> <!-- verifyDeleteKeywordFunctionality -->
  <system-out/>
  <testcase classname="TestClasses.ReservedKeywordFunctionality" name="verifyAddControlPinFunctionality" time="0.000">
    <skipped/>
  </testcase> <!-- verifyAddControlPinFunctionality -->
  <system-out/>
  <testcase classname="TestClasses.ReservedKeywordFunctionality" name="verifyNoControlPinAddFunctionality" time="0.000">
    <skipped/>
  </testcase> <!-- verifyNoControlPinAddFunctionality -->
  <system-out/>
  <testcase classname="TestClasses.ReservedKeywordFunctionality" name="verifyExistingControlPinAddFunctionality" time="0.000">
    <skipped/>
  </testcase> <!-- verifyExistingControlPinAddFunctionality -->
  <system-out/>
  <testcase classname="TestClasses.ReservedKeywordFunctionality" name="verifySearchControlPinFunctionality" time="0.000">
    <skipped/>
  </testcase> <!-- verifySearchControlPinFunctionality -->
  <system-out/>
  <testcase classname="TestClasses.ReservedKeywordFunctionality" name="verifyMassDeleteControlPinFunctionality" time="0.000">
    <skipped/>
  </testcase> <!-- verifyMassDeleteControlPinFunctionality -->
  <system-out/>
</testsuite> <!-- TestClasses.ReservedKeywordFunctionality -->
